<?xml version="1.0" encoding="UTF-8"?>
<!-- Generated by org.testng.reporters.JUnitXMLReporter -->
<testsuite hostname="DESKTOP-RQTABIO" ignored="0" tests="7" failures="0" timestamp="2021-12-02T12:57:25 MSK" time="38.252" errors="0">
  <testcase name="titleTest" time="3.623" classname="CheckSeliniumSiteTest"/>
  <testcase name="fillForm" time="6.033" classname="DemoqaFormFillingTest"/>
  <testcase name="testMainPage" time="1.969" classname="FirstPageTest"/>
  <testcase name="testURL" time="1.012" classname="FirstPageTest"/>
  <testcase name="test" time="3.302" classname="SeleniumTest"/>
  <testcase name="review" time="4.701" classname="SergeyReviewTest"/>
  <testcase name="firstTest" time="2.694" classname="wikipediaTest"/>
</testsuite>
